\BOOKMARK [0][-]{chapter.1}{MapClass/MapTools Tutorial}{}
\BOOKMARK [1][-]{section.1.1}{Motivation}{chapter.1}
\BOOKMARK [0][-]{chapter.2}{Maps}{}
\BOOKMARK [1][-]{section.2.1}{Main}{chapter.2}
\BOOKMARK [1][-]{section.2.2}{Fits}{chapter.2}
\BOOKMARK [1][-]{section.2.3}{Gildas}{chapter.2}
\BOOKMARK [1][-]{section.2.4}{Miriad}{chapter.2}
\BOOKMARK [0][-]{chapter.3}{Spectra}{}
\BOOKMARK [1][-]{section.3.1}{Class}{chapter.3}
\BOOKMARK [0][-]{chapter.4}{MapTools}{}
\BOOKMARK [0][-]{chapter.5}{SEDs}{}
\BOOKMARK [0][-]{chapter.6}{LTE}{}
\BOOKMARK [0][-]{chapter.7}{Functions}{}
\BOOKMARK [1][-]{section.7.1}{astroFunctions}{chapter.7}
\BOOKMARK [1][-]{section.7.2}{units}{chapter.7}
\BOOKMARK [1][-]{section.7.3}{constants}{chapter.7}
\BOOKMARK [0][-]{chapter.8}{Indices and tables}{}
\BOOKMARK [0][-]{chapter*.136}{Bibliography}{}
\BOOKMARK [0][-]{section*.141}{Python Module Index}{}
\BOOKMARK [0][-]{section*.142}{Python Module Index}{}
