\BOOKMARK [0][-]{chapter.1}{Installation of astrolyze}{}% 1
\BOOKMARK [1][-]{section.1.1}{Dependencies}{chapter.1}% 2
\BOOKMARK [1][-]{section.1.2}{Installation}{chapter.1}% 3
\BOOKMARK [1][-]{section.1.3}{Configuration of the \(optional\) Database}{chapter.1}% 4
\BOOKMARK [0][-]{chapter.2}{Manual}{}% 5
\BOOKMARK [1][-]{section.2.1}{Motivation}{chapter.2}% 6
\BOOKMARK [1][-]{section.2.2}{astrolyze}{chapter.2}% 7
\BOOKMARK [1][-]{section.2.3}{Naming Convention}{chapter.2}% 8
\BOOKMARK [0][-]{chapter.3}{Modules}{}% 9
\BOOKMARK [0][-]{chapter.4}{maps}{}% 10
\BOOKMARK [0][-]{chapter.5}{main}{}% 11
\BOOKMARK [1][-]{section.5.1}{Variables created by Main}{chapter.5}% 12
\BOOKMARK [0][-]{chapter.6}{fits}{}% 13
\BOOKMARK [1][-]{section.6.1}{Variables created by FitsMap}{chapter.6}% 14
\BOOKMARK [1][-]{section.6.2}{Working with Fits Maps}{chapter.6}% 15
\BOOKMARK [0][-]{chapter.7}{Using gildas}{}% 16
\BOOKMARK [1][-]{section.7.1}{How is Gildas used by astrolyze}{chapter.7}% 17
\BOOKMARK [0][-]{chapter.8}{Using miriad}{}% 18
\BOOKMARK [0][-]{chapter.9}{Using the stack module}{}% 19
\BOOKMARK [0][-]{chapter.10}{Using the sed module}{}% 20
\BOOKMARK [1][-]{section.10.1}{Using Functions}{chapter.10}% 21
\BOOKMARK [1][-]{section.10.2}{Using LTE}{chapter.10}% 22
\BOOKMARK [1][-]{section.10.3}{References}{chapter.10}% 23
\BOOKMARK [0][-]{chapter.11}{Maps}{}% 24
\BOOKMARK [1][-]{section.11.1}{Main}{chapter.11}% 25
\BOOKMARK [1][-]{section.11.2}{FitsMap}{chapter.11}% 26
\BOOKMARK [1][-]{section.11.3}{GildasMap}{chapter.11}% 27
\BOOKMARK [1][-]{section.11.4}{MiriadMap}{chapter.11}% 28
\BOOKMARK [1][-]{section.11.5}{Stack}{chapter.11}% 29
\BOOKMARK [1][-]{section.11.6}{Tools}{chapter.11}% 30
\BOOKMARK [0][-]{chapter.12}{Spectra}{}% 31
\BOOKMARK [1][-]{section.12.1}{Class}{chapter.12}% 32
\BOOKMARK [0][-]{chapter.13}{SEDs}{}% 33
\BOOKMARK [0][-]{chapter.14}{LTE}{}% 34
\BOOKMARK [0][-]{chapter.15}{Functions}{}% 35
\BOOKMARK [1][-]{section.15.1}{astro\137functions}{chapter.15}% 36
\BOOKMARK [1][-]{section.15.2}{units}{chapter.15}% 37
\BOOKMARK [1][-]{section.15.3}{constants}{chapter.15}% 38
\BOOKMARK [0][-]{chapter.16}{Indices and tables}{}% 39
\BOOKMARK [0][-]{chapter*.181}{Bibliography}{}% 40
\BOOKMARK [0][-]{section*.190}{Python Module Index}{}% 41
\BOOKMARK [0][-]{section*.191}{Python Module Index}{}% 42
